Mono path[0] = '/Users/jeremyjackson/Library/Application Support/Steam/steamapps/common/TheSecretOfVaronis/The Secret of Varonis.app/Contents/Resources/Data/Managed'
Mono config path = '/Users/jeremyjackson/Library/Application Support/Steam/steamapps/common/TheSecretOfVaronis/The Secret of Varonis.app/Contents/MonoBleedingEdge/etc'
New input system (experimental) initialized
Initialize engine version: 2021.2.11f1 (e50cafbb4399)
[Subsystems] Discovering subsystems at path /Users/jeremyjackson/Library/Application Support/Steam/steamapps/common/TheSecretOfVaronis/The Secret of Varonis.app/Contents/Resources/Data/UnitySubsystems
GfxDevice: creating device client; threaded=1; jobified=0
 preferred device: Apple M1 Pro (high power)
Metal devices available: 1
0: Apple M1 Pro (high power)
Using device Apple M1 Pro (high power)
Initializing Metal device caps: Apple M1 Pro
Begin MonoManager ReloadAssembly
- Completed reload, in  0.066 seconds
UnloadTime: 0.452791 ms
Fallback handler could not load library /Users/jeremyjackson/Library/Application Support/Steam/steamapps/common/TheSecretOfVaronis/The Secret of Varonis.app/Contents/Frameworks/MonoEmbedRuntime/osx/bugsnag-osx
Fallback handler could not load library /Users/jeremyjackson/Library/Application Support/Steam/steamapps/common/TheSecretOfVaronis/The Secret of Varonis.app/Contents/Frameworks/MonoEmbedRuntime/osx/libbugsnag-osx.dylib
Fallback handler could not load library /Users/jeremyjackson/Library/Application Support/Steam/steamapps/common/TheSecretOfVaronis/The Secret of Varonis.app/Contents/Frameworks/MonoEmbedRuntime/osx/libbugsnag-osx.dylib
Fallback handler could not load library /Users/jeremyjackson/Library/Application Support/Steam/steamapps/common/TheSecretOfVaronis/The Secret of Varonis.app/Contents/Frameworks/MonoEmbedRuntime/osx/libbugsnag-osx.so
Fallback handler could not load library /Users/jeremyjackson/Library/Application Support/Steam/steamapps/common/TheSecretOfVaronis/The Secret of Varonis.app/Contents/Frameworks/MonoEmbedRuntime/osx/libbugsnag-osx.bundle
Fallback handler could not load library /Users/jeremyjackson/Library/Application Support/Steam/steamapps/common/TheSecretOfVaronis/The Secret of Varonis.app/Contents/Frameworks/MonoEmbedRuntime/osx/bugsnag-osx
Fallback handler could not load library /Users/jeremyjackson/Library/Application Support/Steam/steamapps/common/TheSecretOfVaronis/The Secret of Varonis.app/Contents/Frameworks/MonoEmbedRuntime/osx/libbugsnag-osx
Fallback handler could not load library /Users/jeremyjackson/Library/Application Support/Steam/steamapps/common/TheSecretOfVaronis/The Secret of Varonis.app/Contents/Frameworks/MonoEmbedRuntime/osx/libbugsnag-osx.dylib
Fallback handler could not load library /Users/jeremyjackson/Library/Application Support/Steam/steamapps/common/TheSecretOfVaronis/The Secret of Varonis.app/Contents/Frameworks/MonoEmbedRuntime/osx/libbugsnag-osx.dylib
Fallback handler could not load library /Users/jeremyjackson/Library/Application Support/Steam/steamapps/common/TheSecretOfVaronis/The Secret of Varonis.app/Contents/Frameworks/MonoEmbedRuntime/osx/libbugsnag-osx.so
Fallback handler could not load library /Users/jeremyjackson/Library/Application Support/Steam/steamapps/common/TheSecretOfVaronis/The Secret of Varonis.app/Contents/Frameworks/MonoEmbedRuntime/osx/libbugsnag-osx.bundle
Fallback handler could not load library /Users/jeremyjackson/Library/Application Support/Steam/steamapps/common/TheSecretOfVaronis/The Secret of Varonis.app/Contents/Frameworks/MonoEmbedRuntime/osx/libbugsnag-osx
Fallback handler could not load library /Users/jeremyjackson/Library/Application Support/Steam/steamapps/common/TheSecretOfVaronis/The Secret of Varonis.app/Contents/Frameworks/MonoEmbedRuntime/osx/bugsnag-osx
Fallback handler could not load library /Users/jeremyjackson/Library/Application Support/Steam/steamapps/common/TheSecretOfVaronis/The Secret of Varonis.app/Contents/Frameworks/MonoEmbedRuntime/osx/libbugsnag-osx.dylib
Fallback handler could not load library /Users/jeremyjackson/Library/Application Support/Steam/steamapps/common/TheSecretOfVaronis/The Secret of Varonis.app/Contents/Frameworks/MonoEmbedRuntime/osx/libbugsnag-osx.dylib
Fallback handler could not load library /Users/jeremyjackson/Library/Application Support/Steam/steamapps/common/TheSecretOfVaronis/The Secret of Varonis.app/Contents/Frameworks/MonoEmbedRuntime/osx/libbugsnag-osx.so
Fallback handler could not load library /Users/jeremyjackson/Library/Application Support/Steam/steamapps/common/TheSecretOfVaronis/The Secret of Varonis.app/Contents/Frameworks/MonoEmbedRuntime/osx/libbugsnag-osx.bundle
Fallback handler could not load library /Users/jeremyjackson/Library/Application Support/Steam/steamapps/common/TheSecretOfVaronis/The Secret of Varonis.app/Contents/Frameworks/MonoEmbedRuntime/osx/bugsnag-osx
Fallback handler could not load library /Users/jeremyjackson/Library/Application Support/Steam/steamapps/common/TheSecretOfVaronis/The Secret of Varonis.app/Contents/Frameworks/MonoEmbedRuntime/osx/libbugsnag-osx
Fallback handler could not load library /Users/jeremyjackson/Library/Application Support/Steam/steamapps/common/TheSecretOfVaronis/The Secret of Varonis.app/Contents/Frameworks/MonoEmbedRuntime/osx/libbugsnag-osx.dylib
Fallback handler could not load library /Users/jeremyjackson/Library/Application Support/Steam/steamapps/common/TheSecretOfVaronis/The Secret of Varonis.app/Contents/Frameworks/MonoEmbedRuntime/osx/libbugsnag-osx.dylib
Fallback handler could not load library /Users/jeremyjackson/Library/Application Support/Steam/steamapps/common/TheSecretOfVaronis/The Secret of Varonis.app/Contents/Frameworks/MonoEmbedRuntime/osx/libbugsnag-osx.so
Fallback handler could not load library /Users/jeremyjackson/Library/Application Support/Steam/steamapps/common/TheSecretOfVaronis/The Secret of Varonis.app/Contents/Frameworks/MonoEmbedRuntime/osx/libbugsnag-osx.bundle
Fallback handler could not load library /Users/jeremyjackson/Library/Application Support/Steam/steamapps/common/TheSecretOfVaronis/The Secret of Varonis.app/Contents/Frameworks/MonoEmbedRuntime/osx/libbugsnag-osx
Uploading Crash Report
DllNotFoundException: bugsnag-osx assembly:<unknown assembly> type:<unknown type> member:(null)
  at (wrapper managed-to-native) BugsnagUnity.NativeCode.bugsnag_createConfiguration(string)
  at BugsnagUnity.Configuration..ctor (System.String apiKey, System.Boolean autoNotify) [0x00006] in <70077546e16d40d0921d1608c9c09c56>:0 
  at BugsnagUnity.Bugsnag.Init (System.String apiKey, System.Boolean autoNotify) [0x00013] in <70077546e16d40d0921d1608c9c09c56>:0 
  at BugsnagUnity.BugsnagBehaviour.Awake () [0x00000] in <a8f96dfb11d24f9ca13822a2c64a2aaa>:0 

Uploading Crash Report
NullReferenceException: Object reference not set to an instance of an object
  at BugsnagUnity.Bugsnag.BeforeNotify (BugsnagUnity.Middleware middleware) [0x00005] in <70077546e16d40d0921d1608c9c09c56>:0 
  at DebugPanel.Start () [0x0001f] in <0a1453388ca540b19588a744f861a7ef>:0 

Couldn't find map tower/reverse_f06
Uploading Crash Report
NullReferenceException: Object reference not set to an instance of an object
  at BugsnagUnity.Bugsnag.Notify (System.Exception exception) [0x00005] in <70077546e16d40d0921d1608c9c09c56>:0 
  at DebugPanel.LogError (System.String error) [0x00025] in <0a1453388ca540b19588a744f861a7ef>:0 
  at MapManager.InstantiateMap (System.String mapName) [0x00065] in <0a1453388ca540b19588a744f861a7ef>:0 
  at MapManager.RawTeleport (System.String mapName, System.String targetEventName, System.Nullable`1[T] facing) [0x00017] in <0a1453388ca540b19588a744f861a7ef>:0 
  at MapManager+<>c__DisplayClass26_0.<TeleportRoutine>b__0 () [0x00000] in <0a1453388ca540b19588a744f861a7ef>:0 
  at FadeComponent+<TransitionRoutine>d__1.MoveNext () [0x00066] in <0a1453388ca540b19588a744f861a7ef>:0 
  at IEnumeratorAwaitExtensions+CoroutineWrapper`1+<Run>d__3[T].MoveNext () [0x00038] in <a8f96dfb11d24f9ca13822a2c64a2aaa>:0 
--- End of stack trace from previous location where exception was thrown ---

  at IEnumeratorAwaitExtensions+SimpleCoroutineAwaiter`1[T].GetResult () [0x0001e] in <a8f96dfb11d24f9ca13822a2c64a2aaa>:0 
  at LuaContext.RunRoutineFromLuaInternal (System.Collections.IEnumerator routine) [0x0006e] in <0a1453388ca540b19588a744f861a7ef>:0 
  at LuaCutsceneContext.RunRoutineFromLuaInternal (System.Collections.IEnumerator routine) [0x00118] in <0a1453388ca540b19588a744f861a7ef>:0 
  at LuaContext.RunRoutineFromLua (System.Collections.IEnumerator routine) [0x00068] in <0a1453388ca540b19588a744f861a7ef>:0 
  at System.Runtime.CompilerServices.AsyncMethodBuilderCore+<>c.<ThrowAsync>b__7_0 (System.Object state) [0x00000] in <c601d84e56504c3dba1634d3be4a96be>:0 
  at UnityEngine.UnitySynchronizationContext+WorkRequest.Invoke () [0x00002] in <d7953fe6e3594c9ab864393efba9e5c9>:0 
  at UnityEngine.UnitySynchronizationContext.Exec () [0x00056] in <d7953fe6e3594c9ab864393efba9e5c9>:0 
  at UnityEngine.UnitySynchronizationContext.ExecuteTasks () [0x00014] in <d7953fe6e3594c9ab864393efba9e5c9>:0 

Thread 0x16c9b7000 may have been prematurely finalized
Setting up 4 worker threads for Enlighten.
Curl error 42: Callback aborted
Memory Statistics:
[ALLOC_TEMP_TLS] TLS Allocator
  StackAllocators : 
    [ALLOC_TEMP_MAIN]
      Peak usage frame count: [2.0 KB-4.0 KB]: 923 frames, [4.0 KB-8.0 KB]: 2 frames, [8.0 KB-16.0 KB]: 4 frames, [16.0 KB-32.0 KB]: 33 frames, [32.0 KB-64.0 KB]: 82 frames, [64.0 KB-128.0 KB]: 1 frames, [2.0 MB-4.0 MB]: 1 frames
      Initial Block Size 4.0 MB
      Current Block Size 4.0 MB
      Peak Allocated Bytes 2.1 MB
      Overflow Count 0
    [ALLOC_TEMP_Loading.AsyncRead]
      Initial Block Size 64.0 KB
      Current Block Size 64.0 KB
      Peak Allocated Bytes 167 B
      Overflow Count 0
    [ALLOC_TEMP_Loading.PreloadManager]
      Initial Block Size 256.0 KB
      Current Block Size 256.0 KB
      Peak Allocated Bytes 121.2 KB
      Overflow Count 12
    [ALLOC_TEMP_Background Job.Worker 8]
      Initial Block Size 32.0 KB
      Current Block Size 32.0 KB
      Peak Allocated Bytes 0 B
      Overflow Count 0
    [ALLOC_TEMP_Job.Worker 6]
      Initial Block Size 256.0 KB
      Current Block Size 304.0 KB
      Peak Allocated Bytes 300.0 KB
      Overflow Count 0
    [ALLOC_TEMP_Job.Worker 0]
      Initial Block Size 256.0 KB
      Current Block Size 304.0 KB
      Peak Allocated Bytes 300.0 KB
      Overflow Count 0
    [ALLOC_TEMP_Background Job.Worker 10]
      Initial Block Size 32.0 KB
      Current Block Size 32.0 KB
      Peak Allocated Bytes 66 B
      Overflow Count 0
    [ALLOC_TEMP_Background Job.Worker 9]
      Initial Block Size 32.0 KB
      Current Block Size 32.0 KB
      Peak Allocated Bytes 0 B
      Overflow Count 0
    [ALLOC_TEMP_Job.Worker 5]
      Initial Block Size 256.0 KB
      Current Block Size 304.0 KB
      Peak Allocated Bytes 300.0 KB
      Overflow Count 0
    [ALLOC_TEMP_Background Job.Worker 14]
      Initial Block Size 32.0 KB
      Current Block Size 32.0 KB
      Peak Allocated Bytes 66 B
      Overflow Count 0
    [ALLOC_TEMP_Background Job.Worker 6]
      Initial Block Size 32.0 KB
      Current Block Size 32.0 KB
      Peak Allocated Bytes 0 B
      Overflow Count 0
    [ALLOC_TEMP_Job.Worker 4]
      Initial Block Size 256.0 KB
      Current Block Size 304.0 KB
      Peak Allocated Bytes 300.0 KB
      Overflow Count 1
    [ALLOC_TEMP_Job.Worker 3]
      Initial Block Size 256.0 KB
      Current Block Size 304.0 KB
      Peak Allocated Bytes 300.0 KB
      Overflow Count 0
    [ALLOC_TEMP_Background Job.Worker 12]
      Initial Block Size 32.0 KB
      Current Block Size 32.0 KB
      Peak Allocated Bytes 0 B
      Overflow Count 0
    [ALLOC_TEMP_EnlightenWorker] x 4
      Initial Block Size 64.0 KB
      Current Block Size 64.0 KB
      Peak Allocated Bytes 0 B
      Overflow Count 0
    [ALLOC_TEMP_Background Job.Worker 15]
      Initial Block Size 32.0 KB
      Current Block Size 32.0 KB
      Peak Allocated Bytes 66 B
      Overflow Count 0
    [ALLOC_TEMP_Background Job.Worker 1]
      Initial Block Size 32.0 KB
      Current Block Size 32.0 KB
      Peak Allocated Bytes 0 B
      Overflow Count 0
    [ALLOC_TEMP_Background Job.Worker 2]
      Initial Block Size 32.0 KB
      Current Block Size 32.0 KB
      Peak Allocated Bytes 146 B
      Overflow Count 0
    [ALLOC_TEMP_Background Job.Worker 7]
      Initial Block Size 32.0 KB
      Current Block Size 32.0 KB
      Peak Allocated Bytes 0 B
      Overflow Count 0
    [ALLOC_TEMP_UnityGfxDeviceWorker]
      Initial Block Size 256.0 KB
      Current Block Size 256.0 KB
      Peak Allocated Bytes 4.0 KB
      Overflow Count 0
    [ALLOC_TEMP_AssetGarbageCollectorHelper] x 7
      Initial Block Size 64.0 KB
      Current Block Size 64.0 KB
      Peak Allocated Bytes 0 B
      Overflow Count 0
    [ALLOC_TEMP_Background Job.Worker 5]
      Initial Block Size 32.0 KB
      Current Block Size 32.0 KB
      Peak Allocated Bytes 66 B
      Overflow Count 0
    [ALLOC_TEMP_Background Job.Worker 13]
      Initial Block Size 32.0 KB
      Current Block Size 32.0 KB
      Peak Allocated Bytes 66 B
      Overflow Count 0
    [ALLOC_TEMP_OSX HID Input]
      Initial Block Size 64.0 KB
      Current Block Size 64.0 KB
      Peak Allocated Bytes 0 B
      Overflow Count 0
    [ALLOC_TEMP_Job.Worker 1]
      Initial Block Size 256.0 KB
      Current Block Size 304.0 KB
      Peak Allocated Bytes 300.0 KB
      Overflow Count 0
    [ALLOC_TEMP_Job.Worker 2]
      Initial Block Size 256.0 KB
      Current Block Size 304.0 KB
      Peak Allocated Bytes 300.0 KB
      Overflow Count 1
    [ALLOC_TEMP_Background Job.Worker 3]
      Initial Block Size 32.0 KB
      Current Block Size 32.0 KB
      Peak Allocated Bytes 0 B
      Overflow Count 0
    [ALLOC_TEMP_Background Job.Worker 11]
      Initial Block Size 32.0 KB
      Current Block Size 32.0 KB
      Peak Allocated Bytes 0 B
      Overflow Count 0
    [ALLOC_TEMP_Background Job.Worker 0]
      Initial Block Size 32.0 KB
      Current Block Size 32.0 KB
      Peak Allocated Bytes 66 B
      Overflow Count 0
    [ALLOC_TEMP_CloudJob.Worker 0]
      Initial Block Size 32.0 KB
      Current Block Size 32.0 KB
      Peak Allocated Bytes 5.4 KB
      Overflow Count 0
    [ALLOC_TEMP_Background Job.Worker 4]
      Initial Block Size 32.0 KB
      Current Block Size 32.0 KB
      Peak Allocated Bytes 0 B
      Overflow Count 0
    [ALLOC_TEMP_BatchDeleteObjects]
      Initial Block Size 64.0 KB
      Current Block Size 64.0 KB
      Peak Allocated Bytes 0 B
      Overflow Count 0
[ALLOC_DEFAULT] Dual Thread Allocator
  Peak main deferred allocation count 1322
    [ALLOC_BUCKET]
      Large Block size 4.0 MB
      Used Block count 1
      Peak Allocated bytes 4.0 MB
      Failed Allocations. Bucket layout:
        16B: 28 Subsections = 28672 buckets. Failed count: 77263
        32B: 9 Subsections = 4608 buckets. Failed count: 452964
        48B: 21 Subsections = 7168 buckets. Failed count: 44729
        64B: 158 Subsections = 40448 buckets. Failed count: 77236
        80B: 34 Subsections = 6963 buckets. Failed count: 2157
        96B: 3 Subsections = 512 buckets. Failed count: 221
        112B: 2 Subsections = 292 buckets. Failed count: 2657
        128B: 1 Subsections = 128 buckets. Failed count: 5001
    [ALLOC_DEFAULT_MAIN]
      Peak usage frame count: [16.0 MB-32.0 MB]: 289 frames, [32.0 MB-64.0 MB]: 757 frames
      Requested Block Size 16.0 MB
      Peak Block count 3
      Peak Allocated memory 50.7 MB
      Peak Large allocation bytes 21.7 MB
    [ALLOC_DEFAULT_THREAD]
      Peak usage frame count: [8.0 MB-16.0 MB]: 1043 frames, [16.0 MB-32.0 MB]: 3 frames
      Requested Block Size 16.0 MB
      Peak Block count 2
      Peak Allocated memory 19.6 MB
      Peak Large allocation bytes 9.2 MB
[ALLOC_TEMP_JOB_1_FRAME]
  Initial Block Size 2.0 MB
  Used Block Count 1
  Overflow Count (too large) 0
  Overflow Count (full) 0
[ALLOC_TEMP_JOB_2_FRAMES]
  Initial Block Size 2.0 MB
  Used Block Count 1
  Overflow Count (too large) 0
  Overflow Count (full) 0
[ALLOC_TEMP_JOB_4_FRAMES (JobTemp)]
  Initial Block Size 2.0 MB
  Used Block Count 2
  Overflow Count (too large) 0
  Overflow Count (full) 0
[ALLOC_TEMP_JOB_ASYNC (Background)]
  Initial Block Size 1.0 MB
  Used Block Count 3
  Overflow Count (too large) 2
  Overflow Count (full) 0
[ALLOC_GFX] Dual Thread Allocator
  Peak main deferred allocation count 2
    [ALLOC_BUCKET]
      Large Block size 4.0 MB
      Used Block count 1
      Peak Allocated bytes 4.0 MB
      Failed Allocations. Bucket layout:
        16B: 28 Subsections = 28672 buckets. Failed count: 77263
        32B: 9 Subsections = 4608 buckets. Failed count: 452964
        48B: 21 Subsections = 7168 buckets. Failed count: 44729
        64B: 158 Subsections = 40448 buckets. Failed count: 77236
        80B: 34 Subsections = 6963 buckets. Failed count: 2157
        96B: 3 Subsections = 512 buckets. Failed count: 221
        112B: 2 Subsections = 292 buckets. Failed count: 2657
        128B: 1 Subsections = 128 buckets. Failed count: 5001
    [ALLOC_GFX_MAIN]
      Peak usage frame count: [256.0 KB-0.5 MB]: 936 frames, [0.5 MB-1.0 MB]: 110 frames
      Requested Block Size 16.0 MB
      Peak Block count 1
      Peak Allocated memory 0.6 MB
      Peak Large allocation bytes 0 B
    [ALLOC_GFX_THREAD]
      Peak usage frame count: [128.0 KB-256.0 KB]: 430 frames, [256.0 KB-0.5 MB]: 616 frames
      Requested Block Size 16.0 MB
      Peak Block count 1
      Peak Allocated memory 439.8 KB
      Peak Large allocation bytes 0 B
[ALLOC_CACHEOBJECTS] Dual Thread Allocator
  Peak main deferred allocation count 8
    [ALLOC_BUCKET]
      Large Block size 4.0 MB
      Used Block count 1
      Peak Allocated bytes 4.0 MB
      Failed Allocations. Bucket layout:
        16B: 28 Subsections = 28672 buckets. Failed count: 77263
        32B: 9 Subsections = 4608 buckets. Failed count: 452964
        48B: 21 Subsections = 7168 buckets. Failed count: 44729
        64B: 158 Subsections = 40448 buckets. Failed count: 77236
        80B: 34 Subsections = 6963 buckets. Failed count: 2157
        96B: 3 Subsections = 512 buckets. Failed count: 221
        112B: 2 Subsections = 292 buckets. Failed count: 2657
        128B: 1 Subsections = 128 buckets. Failed count: 5001
    [ALLOC_CACHEOBJECTS_MAIN]
      Peak usage frame count: [8.0 MB-16.0 MB]: 1045 frames, [16.0 MB-32.0 MB]: 1 frames
      Requested Block Size 4.0 MB
      Peak Block count 2
      Peak Allocated memory 17.4 MB
      Peak Large allocation bytes 16.0 MB
    [ALLOC_CACHEOBJECTS_THREAD]
      Peak usage frame count: [0.5 MB-1.0 MB]: 1046 frames
      Requested Block Size 4.0 MB
      Peak Block count 1
      Peak Allocated memory 0.8 MB
      Peak Large allocation bytes 0 B
[ALLOC_TYPETREE] Dual Thread Allocator
  Peak main deferred allocation count 0
    [ALLOC_BUCKET]
      Large Block size 4.0 MB
      Used Block count 1
      Peak Allocated bytes 4.0 MB
      Failed Allocations. Bucket layout:
        16B: 28 Subsections = 28672 buckets. Failed count: 77263
        32B: 9 Subsections = 4608 buckets. Failed count: 452964
        48B: 21 Subsections = 7168 buckets. Failed count: 44729
        64B: 158 Subsections = 40448 buckets. Failed count: 77236
        80B: 34 Subsections = 6963 buckets. Failed count: 2157
        96B: 3 Subsections = 512 buckets. Failed count: 221
        112B: 2 Subsections = 292 buckets. Failed count: 2657
        128B: 1 Subsections = 128 buckets. Failed count: 5001
    [ALLOC_TYPETREE_MAIN]
      Peak usage frame count: [4.0 KB-8.0 KB]: 435 frames, [8.0 KB-16.0 KB]: 611 frames
      Requested Block Size 2.0 MB
      Peak Block count 1
      Peak Allocated memory 14.9 KB
      Peak Large allocation bytes 0 B
    [ALLOC_TYPETREE_THREAD]
      Peak usage frame count: [1.0 KB-2.0 KB]: 430 frames, [2.0 KB-4.0 KB]: 616 frames
      Requested Block Size 2.0 MB
      Peak Block count 1
      Peak Allocated memory 3.0 KB
      Peak Large allocation bytes 0 B
